<?xml version='1.0' encoding='UTF-8'?>
<!DOCTYPE coverage SYSTEM 'http://cobertura.sourceforge.net/xml/coverage-04.dtd'>
<coverage line-rate="0.9919786096256684" branch-rate="0.2842443729903537" lines-covered="371" lines-valid="374" branches-covered="442" branches-valid="1555" complexity="0.0" timestamp="1758774349" version="gcovr 5.0">
  <sources>
    <source>..</source>
  </sources>
  <packages>
    <package name="" line-rate="0.9705882352941176" branch-rate="0.8494623655913979" complexity="0.0">
      <classes>
        <class name="Gate_cpp" filename="Gate.cpp" line-rate="0.9705882352941176" branch-rate="0.8494623655913979" complexity="0.0">
          <methods/>
          <lines>
            <line number="3" hits="56" branch="false"/>
            <line number="5" hits="2" branch="false"/>
            <line number="7" hits="32" branch="false"/>
            <line number="9" hits="32" branch="true" condition-coverage="100% (6/6)">
              <conditions>
                <condition number="0" type="jump" coverage="100%"/>
              </conditions>
            </line>
            <line number="10" hits="2" branch="false"/>
            <line number="12" hits="30" branch="true" condition-coverage="50% (1/2)">
              <conditions>
                <condition number="0" type="jump" coverage="50%"/>
              </conditions>
            </line>
            <line number="13" hits="30" branch="true" condition-coverage="100% (2/2)">
              <conditions>
                <condition number="0" type="jump" coverage="100%"/>
              </conditions>
            </line>
            <line number="14" hits="28" branch="true" condition-coverage="100% (2/2)">
              <conditions>
                <condition number="0" type="jump" coverage="100%"/>
              </conditions>
            </line>
            <line number="15" hits="26" branch="true" condition-coverage="100% (4/4)">
              <conditions>
                <condition number="0" type="jump" coverage="100%"/>
              </conditions>
            </line>
            <line number="16" hits="2" branch="false"/>
            <line number="21" hits="28" branch="true" condition-coverage="75% (3/4)">
              <conditions>
                <condition number="0" type="jump" coverage="75%"/>
              </conditions>
            </line>
            <line number="22" hits="28" branch="true" condition-coverage="100% (4/4)">
              <conditions>
                <condition number="0" type="jump" coverage="100%"/>
              </conditions>
            </line>
            <line number="25" hits="28" branch="true" condition-coverage="88% (8/9)">
              <conditions>
                <condition number="0" type="jump" coverage="88%"/>
              </conditions>
            </line>
            <line number="26" hits="2" branch="false"/>
            <line number="27" hits="2" branch="false"/>
            <line number="28" hits="2" branch="false"/>
            <line number="30" hits="2" branch="false"/>
            <line number="31" hits="2" branch="false"/>
            <line number="32" hits="2" branch="false"/>
            <line number="34" hits="4" branch="false"/>
            <line number="35" hits="4" branch="true" condition-coverage="100% (4/4)">
              <conditions>
                <condition number="0" type="jump" coverage="100%"/>
              </conditions>
            </line>
            <line number="36" hits="4" branch="false"/>
            <line number="38" hits="4" branch="false"/>
            <line number="39" hits="4" branch="true" condition-coverage="100% (4/4)">
              <conditions>
                <condition number="0" type="jump" coverage="100%"/>
              </conditions>
            </line>
            <line number="40" hits="4" branch="false"/>
            <line number="42" hits="4" branch="false"/>
            <line number="43" hits="4" branch="true" condition-coverage="100% (4/4)">
              <conditions>
                <condition number="0" type="jump" coverage="100%"/>
              </conditions>
            </line>
            <line number="44" hits="4" branch="false"/>
            <line number="46" hits="4" branch="false"/>
            <line number="47" hits="4" branch="true" condition-coverage="100% (4/4)">
              <conditions>
                <condition number="0" type="jump" coverage="100%"/>
              </conditions>
            </line>
            <line number="48" hits="4" branch="false"/>
            <line number="50" hits="4" branch="false"/>
            <line number="51" hits="4" branch="false"/>
            <line number="52" hits="4" branch="false"/>
            <line number="54" hits="4" branch="false"/>
            <line number="55" hits="4" branch="false"/>
            <line number="56" hits="4" branch="false"/>
            <line number="58" hits="0" branch="false"/>
            <line number="59" hits="0" branch="false"/>
            <line number="62" hits="28" branch="false"/>
            <line number="65" hits="28" branch="false"/>
            <line number="66" hits="28" branch="true" condition-coverage="100% (8/8)">
              <conditions>
                <condition number="0" type="jump" coverage="100%"/>
              </conditions>
            </line>
            <line number="68" hits="4" branch="false"/>
            <line number="70" hits="24" branch="true" condition-coverage="100% (2/2)">
              <conditions>
                <condition number="0" type="jump" coverage="100%"/>
              </conditions>
            </line>
            <line number="71" hits="15" branch="false"/>
            <line number="72" hits="15" branch="false"/>
            <line number="73" hits="15" branch="false"/>
            <line number="77" hits="9" branch="true" condition-coverage="50% (1/2)">
              <conditions>
                <condition number="0" type="jump" coverage="50%"/>
              </conditions>
            </line>
            <line number="78" hits="9" branch="false"/>
            <line number="79" hits="9" branch="false"/>
            <line number="80" hits="9" branch="false"/>
            <line number="82" hits="0" branch="false"/>
            <line number="85" hits="87" branch="false"/>
            <line number="86" hits="87" branch="false"/>
            <line number="89" hits="13" branch="false"/>
            <line number="90" hits="13" branch="false"/>
            <line number="93" hits="7" branch="false"/>
            <line number="94" hits="7" branch="false"/>
            <line number="97" hits="4" branch="false"/>
            <line number="98" hits="4" branch="false"/>
            <line number="102" hits="55" branch="false"/>
            <line number="103" hits="55" branch="false"/>
            <line number="104" hits="55" branch="false"/>
            <line number="106" hits="24" branch="false"/>
            <line number="107" hits="24" branch="true" condition-coverage="50% (3/6)">
              <conditions>
                <condition number="0" type="jump" coverage="50%"/>
              </conditions>
            </line>
            <line number="108" hits="24" branch="false"/>
            <line number="110" hits="24" branch="false"/>
            <line number="112" hits="1" branch="false"/>
            <line number="114" hits="2" branch="true" condition-coverage="66% (4/6)">
              <conditions>
                <condition number="0" type="jump" coverage="66%"/>
              </conditions>
            </line>
            <line number="115" hits="1" branch="true" condition-coverage="50% (1/2)">
              <conditions>
                <condition number="0" type="jump" coverage="50%"/>
              </conditions>
            </line>
            <line number="117" hits="1" branch="false"/>
            <line number="118" hits="1" branch="false"/>
            <line number="120" hits="6" branch="false"/>
            <line number="121" hits="6" branch="true" condition-coverage="100% (2/2)">
              <conditions>
                <condition number="0" type="jump" coverage="100%"/>
              </conditions>
            </line>
            <line number="122" hits="4" branch="false"/>
            <line number="123" hits="4" branch="true" condition-coverage="100% (2/2)">
              <conditions>
                <condition number="0" type="jump" coverage="100%"/>
              </conditions>
            </line>
            <line number="124" hits="3" branch="true" condition-coverage="50% (1/2)">
              <conditions>
                <condition number="0" type="jump" coverage="50%"/>
              </conditions>
            </line>
            <line number="128" hits="6" branch="true" condition-coverage="100% (2/2)">
              <conditions>
                <condition number="0" type="jump" coverage="100%"/>
              </conditions>
            </line>
            <line number="129" hits="2" branch="false"/>
            <line number="130" hits="2" branch="true" condition-coverage="100% (2/2)">
              <conditions>
                <condition number="0" type="jump" coverage="100%"/>
              </conditions>
            </line>
            <line number="131" hits="1" branch="true" condition-coverage="50% (1/2)">
              <conditions>
                <condition number="0" type="jump" coverage="50%"/>
              </conditions>
            </line>
            <line number="135" hits="6" branch="false"/>
            <line number="137" hits="4" branch="false"/>
            <line number="138" hits="4" branch="true" condition-coverage="100% (2/2)">
              <conditions>
                <condition number="0" type="jump" coverage="100%"/>
              </conditions>
            </line>
            <line number="139" hits="1" branch="false"/>
            <line number="141" hits="3" branch="false"/>
            <line number="142" hits="3" branch="false"/>
            <line number="145" hits="1" branch="false"/>
            <line number="146" hits="1" branch="true" condition-coverage="50% (1/2)">
              <conditions>
                <condition number="0" type="jump" coverage="50%"/>
              </conditions>
            </line>
            <line number="147" hits="1" branch="false"/>
            <line number="148" hits="1" branch="false"/>
            <line number="150" hits="1" branch="true" condition-coverage="50% (1/2)">
              <conditions>
                <condition number="0" type="jump" coverage="50%"/>
              </conditions>
            </line>
            <line number="151" hits="1" branch="false"/>
            <line number="152" hits="1" branch="false"/>
            <line number="154" hits="1" branch="false"/>
            <line number="156" hits="1" branch="false"/>
            <line number="157" hits="1" branch="false"/>
            <line number="158" hits="1" branch="false"/>
            <line number="160" hits="1" branch="false"/>
            <line number="161" hits="1" branch="false"/>
            <line number="162" hits="1" branch="false"/>
            <line number="163" hits="1" branch="false"/>
          </lines>
        </class>
      </classes>
    </package>
    <package name="tests" line-rate="1.0" branch-rate="0.24829001367989056" complexity="0.0">
      <classes>
        <class name="main_test_cpp" filename="tests/main_test.cpp" line-rate="1.0" branch-rate="0.5" complexity="0.0">
          <methods/>
          <lines>
            <line number="4" hits="2" branch="false"/>
            <line number="5" hits="2" branch="true" condition-coverage="50% (1/2)">
              <conditions>
                <condition number="0" type="jump" coverage="50%"/>
              </conditions>
            </line>
            <line number="6" hits="2" branch="true" condition-coverage="50% (1/2)">
              <conditions>
                <condition number="0" type="jump" coverage="50%"/>
              </conditions>
            </line>
            <line number="7" hits="2" branch="true" condition-coverage="50% (1/2)">
              <conditions>
                <condition number="0" type="jump" coverage="50%"/>
              </conditions>
            </line>
            <line number="8" hits="2" branch="false"/>
          </lines>
        </class>
        <class name="test_comprehensive_cpp" filename="tests/test_comprehensive.cpp" line-rate="1.0" branch-rate="0.24679029957203993" complexity="0.0">
          <methods/>
          <lines>
            <line number="6" hits="21" branch="false"/>
            <line number="7" hits="21" branch="false"/>
            <line number="11" hits="8" branch="false"/>
            <line number="12" hits="2" branch="true" condition-coverage="50% (1/2)">
              <conditions>
                <condition number="0" type="jump" coverage="50%"/>
              </conditions>
            </line>
            <line number="13" hits="2" branch="true" condition-coverage="16% (2/12)">
              <conditions>
                <condition number="0" type="jump" coverage="16%"/>
              </conditions>
            </line>
            <line number="14" hits="2" branch="false"/>
            <line number="16" hits="8" branch="false"/>
            <line number="17" hits="2" branch="true" condition-coverage="50% (1/2)">
              <conditions>
                <condition number="0" type="jump" coverage="50%"/>
              </conditions>
            </line>
            <line number="18" hits="2" branch="true" condition-coverage="25% (3/12)">
              <conditions>
                <condition number="0" type="jump" coverage="25%"/>
              </conditions>
            </line>
            <line number="19" hits="2" branch="true" condition-coverage="16% (2/12)">
              <conditions>
                <condition number="0" type="jump" coverage="16%"/>
              </conditions>
            </line>
            <line number="20" hits="2" branch="false"/>
            <line number="22" hits="8" branch="false"/>
            <line number="23" hits="2" branch="true" condition-coverage="50% (1/2)">
              <conditions>
                <condition number="0" type="jump" coverage="50%"/>
              </conditions>
            </line>
            <line number="24" hits="2" branch="true" condition-coverage="50% (1/2)">
              <conditions>
                <condition number="0" type="jump" coverage="50%"/>
              </conditions>
            </line>
            <line number="25" hits="2" branch="true" condition-coverage="50% (1/2)">
              <conditions>
                <condition number="0" type="jump" coverage="50%"/>
              </conditions>
            </line>
            <line number="26" hits="2" branch="true" condition-coverage="50% (1/2)">
              <conditions>
                <condition number="0" type="jump" coverage="50%"/>
              </conditions>
            </line>
            <line number="27" hits="2" branch="true" condition-coverage="50% (1/2)">
              <conditions>
                <condition number="0" type="jump" coverage="50%"/>
              </conditions>
            </line>
            <line number="28" hits="2" branch="true" condition-coverage="50% (1/2)">
              <conditions>
                <condition number="0" type="jump" coverage="50%"/>
              </conditions>
            </line>
            <line number="29" hits="2" branch="true" condition-coverage="50% (1/2)">
              <conditions>
                <condition number="0" type="jump" coverage="50%"/>
              </conditions>
            </line>
            <line number="30" hits="2" branch="true" condition-coverage="50% (1/2)">
              <conditions>
                <condition number="0" type="jump" coverage="50%"/>
              </conditions>
            </line>
            <line number="31" hits="2" branch="true" condition-coverage="50% (1/2)">
              <conditions>
                <condition number="0" type="jump" coverage="50%"/>
              </conditions>
            </line>
            <line number="33" hits="2" branch="true" condition-coverage="25% (3/12)">
              <conditions>
                <condition number="0" type="jump" coverage="25%"/>
              </conditions>
            </line>
            <line number="34" hits="2" branch="true" condition-coverage="25% (3/12)">
              <conditions>
                <condition number="0" type="jump" coverage="25%"/>
              </conditions>
            </line>
            <line number="35" hits="2" branch="true" condition-coverage="25% (3/12)">
              <conditions>
                <condition number="0" type="jump" coverage="25%"/>
              </conditions>
            </line>
            <line number="36" hits="2" branch="true" condition-coverage="25% (3/12)">
              <conditions>
                <condition number="0" type="jump" coverage="25%"/>
              </conditions>
            </line>
            <line number="37" hits="2" branch="true" condition-coverage="25% (3/12)">
              <conditions>
                <condition number="0" type="jump" coverage="25%"/>
              </conditions>
            </line>
            <line number="38" hits="2" branch="true" condition-coverage="25% (3/12)">
              <conditions>
                <condition number="0" type="jump" coverage="25%"/>
              </conditions>
            </line>
            <line number="39" hits="2" branch="true" condition-coverage="25% (3/12)">
              <conditions>
                <condition number="0" type="jump" coverage="25%"/>
              </conditions>
            </line>
            <line number="40" hits="2" branch="true" condition-coverage="25% (3/12)">
              <conditions>
                <condition number="0" type="jump" coverage="25%"/>
              </conditions>
            </line>
            <line number="41" hits="2" branch="true" condition-coverage="25% (3/12)">
              <conditions>
                <condition number="0" type="jump" coverage="25%"/>
              </conditions>
            </line>
            <line number="42" hits="2" branch="false"/>
            <line number="45" hits="8" branch="false"/>
            <line number="46" hits="2" branch="true" condition-coverage="50% (1/2)">
              <conditions>
                <condition number="0" type="jump" coverage="50%"/>
              </conditions>
            </line>
            <line number="47" hits="2" branch="true" condition-coverage="16% (2/12)">
              <conditions>
                <condition number="0" type="jump" coverage="16%"/>
              </conditions>
            </line>
            <line number="49" hits="2" branch="true" condition-coverage="50% (1/2)">
              <conditions>
                <condition number="0" type="jump" coverage="50%"/>
              </conditions>
            </line>
            <line number="50" hits="2" branch="true" condition-coverage="16% (2/12)">
              <conditions>
                <condition number="0" type="jump" coverage="16%"/>
              </conditions>
            </line>
            <line number="52" hits="2" branch="true" condition-coverage="50% (1/2)">
              <conditions>
                <condition number="0" type="jump" coverage="50%"/>
              </conditions>
            </line>
            <line number="53" hits="2" branch="true" condition-coverage="16% (2/12)">
              <conditions>
                <condition number="0" type="jump" coverage="16%"/>
              </conditions>
            </line>
            <line number="54" hits="2" branch="false"/>
            <line number="56" hits="8" branch="false"/>
            <line number="57" hits="2" branch="true" condition-coverage="50% (1/2)">
              <conditions>
                <condition number="0" type="jump" coverage="50%"/>
              </conditions>
            </line>
            <line number="58" hits="2" branch="true" condition-coverage="50% (1/2)">
              <conditions>
                <condition number="0" type="jump" coverage="50%"/>
              </conditions>
            </line>
            <line number="59" hits="2" branch="true" condition-coverage="16% (2/12)">
              <conditions>
                <condition number="0" type="jump" coverage="16%"/>
              </conditions>
            </line>
            <line number="61" hits="2" branch="true" condition-coverage="50% (1/2)">
              <conditions>
                <condition number="0" type="jump" coverage="50%"/>
              </conditions>
            </line>
            <line number="62" hits="2" branch="true" condition-coverage="16% (2/12)">
              <conditions>
                <condition number="0" type="jump" coverage="16%"/>
              </conditions>
            </line>
            <line number="63" hits="2" branch="false"/>
            <line number="66" hits="8" branch="false"/>
            <line number="67" hits="2" branch="true" condition-coverage="50% (1/2)">
              <conditions>
                <condition number="0" type="jump" coverage="50%"/>
              </conditions>
            </line>
            <line number="68" hits="2" branch="true" condition-coverage="50% (1/2)">
              <conditions>
                <condition number="0" type="jump" coverage="50%"/>
              </conditions>
            </line>
            <line number="69" hits="2" branch="true" condition-coverage="50% (1/2)">
              <conditions>
                <condition number="0" type="jump" coverage="50%"/>
              </conditions>
            </line>
            <line number="71" hits="2" branch="true" condition-coverage="16% (2/12)">
              <conditions>
                <condition number="0" type="jump" coverage="16%"/>
              </conditions>
            </line>
            <line number="72" hits="2" branch="true" condition-coverage="16% (2/12)">
              <conditions>
                <condition number="0" type="jump" coverage="16%"/>
              </conditions>
            </line>
            <line number="74" hits="2" branch="true" condition-coverage="25% (3/12)">
              <conditions>
                <condition number="0" type="jump" coverage="25%"/>
              </conditions>
            </line>
            <line number="75" hits="2" branch="true" condition-coverage="25% (3/12)">
              <conditions>
                <condition number="0" type="jump" coverage="25%"/>
              </conditions>
            </line>
            <line number="76" hits="2" branch="false"/>
            <line number="78" hits="8" branch="false"/>
            <line number="79" hits="2" branch="true" condition-coverage="50% (1/2)">
              <conditions>
                <condition number="0" type="jump" coverage="50%"/>
              </conditions>
            </line>
            <line number="80" hits="2" branch="true" condition-coverage="50% (1/2)">
              <conditions>
                <condition number="0" type="jump" coverage="50%"/>
              </conditions>
            </line>
            <line number="83" hits="2" branch="true" condition-coverage="16% (2/12)">
              <conditions>
                <condition number="0" type="jump" coverage="16%"/>
              </conditions>
            </line>
            <line number="84" hits="2" branch="true" condition-coverage="16% (2/12)">
              <conditions>
                <condition number="0" type="jump" coverage="16%"/>
              </conditions>
            </line>
            <line number="87" hits="2" branch="true" condition-coverage="16% (2/12)">
              <conditions>
                <condition number="0" type="jump" coverage="16%"/>
              </conditions>
            </line>
            <line number="90" hits="2" branch="true" condition-coverage="16% (2/12)">
              <conditions>
                <condition number="0" type="jump" coverage="16%"/>
              </conditions>
            </line>
            <line number="91" hits="2" branch="false"/>
            <line number="93" hits="8" branch="false"/>
            <line number="94" hits="2" branch="true" condition-coverage="50% (1/2)">
              <conditions>
                <condition number="0" type="jump" coverage="50%"/>
              </conditions>
            </line>
            <line number="95" hits="2" branch="true" condition-coverage="50% (1/2)">
              <conditions>
                <condition number="0" type="jump" coverage="50%"/>
              </conditions>
            </line>
            <line number="96" hits="2" branch="true" condition-coverage="50% (1/2)">
              <conditions>
                <condition number="0" type="jump" coverage="50%"/>
              </conditions>
            </line>
            <line number="98" hits="2" branch="true" condition-coverage="50% (1/2)">
              <conditions>
                <condition number="0" type="jump" coverage="50%"/>
              </conditions>
            </line>
            <line number="99" hits="2" branch="true" condition-coverage="50% (1/2)">
              <conditions>
                <condition number="0" type="jump" coverage="50%"/>
              </conditions>
            </line>
            <line number="101" hits="2" branch="true" condition-coverage="50% (1/2)">
              <conditions>
                <condition number="0" type="jump" coverage="50%"/>
              </conditions>
            </line>
            <line number="102" hits="2" branch="true" condition-coverage="25% (3/12)">
              <conditions>
                <condition number="0" type="jump" coverage="25%"/>
              </conditions>
            </line>
            <line number="103" hits="2" branch="true" condition-coverage="25% (3/12)">
              <conditions>
                <condition number="0" type="jump" coverage="25%"/>
              </conditions>
            </line>
            <line number="105" hits="2" branch="true" condition-coverage="50% (1/2)">
              <conditions>
                <condition number="0" type="jump" coverage="50%"/>
              </conditions>
            </line>
            <line number="106" hits="2" branch="true" condition-coverage="25% (3/12)">
              <conditions>
                <condition number="0" type="jump" coverage="25%"/>
              </conditions>
            </line>
            <line number="107" hits="2" branch="false"/>
            <line number="110" hits="8" branch="false"/>
            <line number="111" hits="2" branch="true" condition-coverage="50% (1/2)">
              <conditions>
                <condition number="0" type="jump" coverage="50%"/>
              </conditions>
            </line>
            <line number="112" hits="2" branch="true" condition-coverage="50% (1/2)">
              <conditions>
                <condition number="0" type="jump" coverage="50%"/>
              </conditions>
            </line>
            <line number="113" hits="2" branch="true" condition-coverage="50% (1/2)">
              <conditions>
                <condition number="0" type="jump" coverage="50%"/>
              </conditions>
            </line>
            <line number="115" hits="2" branch="true" condition-coverage="50% (1/2)">
              <conditions>
                <condition number="0" type="jump" coverage="50%"/>
              </conditions>
            </line>
            <line number="116" hits="2" branch="true" condition-coverage="50% (1/2)">
              <conditions>
                <condition number="0" type="jump" coverage="50%"/>
              </conditions>
            </line>
            <line number="119" hits="2" branch="true" condition-coverage="50% (2/4)">
              <conditions>
                <condition number="0" type="jump" coverage="50%"/>
              </conditions>
            </line>
            <line number="120" hits="2" branch="true" condition-coverage="16% (2/12)">
              <conditions>
                <condition number="0" type="jump" coverage="16%"/>
              </conditions>
            </line>
            <line number="121" hits="2" branch="true" condition-coverage="16% (2/12)">
              <conditions>
                <condition number="0" type="jump" coverage="16%"/>
              </conditions>
            </line>
            <line number="123" hits="2" branch="true" condition-coverage="50% (2/4)">
              <conditions>
                <condition number="0" type="jump" coverage="50%"/>
              </conditions>
            </line>
            <line number="124" hits="2" branch="true" condition-coverage="16% (2/12)">
              <conditions>
                <condition number="0" type="jump" coverage="16%"/>
              </conditions>
            </line>
            <line number="125" hits="2" branch="true" condition-coverage="16% (2/12)">
              <conditions>
                <condition number="0" type="jump" coverage="16%"/>
              </conditions>
            </line>
            <line number="127" hits="2" branch="true" condition-coverage="50% (2/4)">
              <conditions>
                <condition number="0" type="jump" coverage="50%"/>
              </conditions>
            </line>
            <line number="128" hits="2" branch="true" condition-coverage="16% (2/12)">
              <conditions>
                <condition number="0" type="jump" coverage="16%"/>
              </conditions>
            </line>
            <line number="129" hits="2" branch="true" condition-coverage="16% (2/12)">
              <conditions>
                <condition number="0" type="jump" coverage="16%"/>
              </conditions>
            </line>
            <line number="131" hits="2" branch="true" condition-coverage="50% (2/4)">
              <conditions>
                <condition number="0" type="jump" coverage="50%"/>
              </conditions>
            </line>
            <line number="132" hits="2" branch="true" condition-coverage="16% (2/12)">
              <conditions>
                <condition number="0" type="jump" coverage="16%"/>
              </conditions>
            </line>
            <line number="133" hits="2" branch="true" condition-coverage="16% (2/12)">
              <conditions>
                <condition number="0" type="jump" coverage="16%"/>
              </conditions>
            </line>
            <line number="134" hits="2" branch="false"/>
            <line number="136" hits="8" branch="false"/>
            <line number="137" hits="2" branch="true" condition-coverage="50% (1/2)">
              <conditions>
                <condition number="0" type="jump" coverage="50%"/>
              </conditions>
            </line>
            <line number="138" hits="2" branch="true" condition-coverage="50% (1/2)">
              <conditions>
                <condition number="0" type="jump" coverage="50%"/>
              </conditions>
            </line>
            <line number="139" hits="2" branch="true" condition-coverage="50% (1/2)">
              <conditions>
                <condition number="0" type="jump" coverage="50%"/>
              </conditions>
            </line>
            <line number="141" hits="2" branch="true" condition-coverage="50% (1/2)">
              <conditions>
                <condition number="0" type="jump" coverage="50%"/>
              </conditions>
            </line>
            <line number="142" hits="2" branch="true" condition-coverage="50% (1/2)">
              <conditions>
                <condition number="0" type="jump" coverage="50%"/>
              </conditions>
            </line>
            <line number="144" hits="2" branch="true" condition-coverage="50% (2/4)">
              <conditions>
                <condition number="0" type="jump" coverage="50%"/>
              </conditions>
            </line>
            <line number="145" hits="2" branch="true" condition-coverage="16% (2/12)">
              <conditions>
                <condition number="0" type="jump" coverage="16%"/>
              </conditions>
            </line>
            <line number="146" hits="2" branch="true" condition-coverage="16% (2/12)">
              <conditions>
                <condition number="0" type="jump" coverage="16%"/>
              </conditions>
            </line>
            <line number="148" hits="2" branch="true" condition-coverage="50% (2/4)">
              <conditions>
                <condition number="0" type="jump" coverage="50%"/>
              </conditions>
            </line>
            <line number="149" hits="2" branch="true" condition-coverage="16% (2/12)">
              <conditions>
                <condition number="0" type="jump" coverage="16%"/>
              </conditions>
            </line>
            <line number="150" hits="2" branch="true" condition-coverage="16% (2/12)">
              <conditions>
                <condition number="0" type="jump" coverage="16%"/>
              </conditions>
            </line>
            <line number="152" hits="2" branch="true" condition-coverage="50% (2/4)">
              <conditions>
                <condition number="0" type="jump" coverage="50%"/>
              </conditions>
            </line>
            <line number="153" hits="2" branch="true" condition-coverage="16% (2/12)">
              <conditions>
                <condition number="0" type="jump" coverage="16%"/>
              </conditions>
            </line>
            <line number="154" hits="2" branch="true" condition-coverage="16% (2/12)">
              <conditions>
                <condition number="0" type="jump" coverage="16%"/>
              </conditions>
            </line>
            <line number="156" hits="2" branch="true" condition-coverage="50% (2/4)">
              <conditions>
                <condition number="0" type="jump" coverage="50%"/>
              </conditions>
            </line>
            <line number="157" hits="2" branch="true" condition-coverage="16% (2/12)">
              <conditions>
                <condition number="0" type="jump" coverage="16%"/>
              </conditions>
            </line>
            <line number="158" hits="2" branch="true" condition-coverage="16% (2/12)">
              <conditions>
                <condition number="0" type="jump" coverage="16%"/>
              </conditions>
            </line>
            <line number="159" hits="2" branch="false"/>
            <line number="161" hits="8" branch="false"/>
            <line number="162" hits="2" branch="true" condition-coverage="50% (1/2)">
              <conditions>
                <condition number="0" type="jump" coverage="50%"/>
              </conditions>
            </line>
            <line number="163" hits="2" branch="true" condition-coverage="50% (1/2)">
              <conditions>
                <condition number="0" type="jump" coverage="50%"/>
              </conditions>
            </line>
            <line number="165" hits="2" branch="true" condition-coverage="50% (1/2)">
              <conditions>
                <condition number="0" type="jump" coverage="50%"/>
              </conditions>
            </line>
            <line number="167" hits="2" branch="true" condition-coverage="50% (1/2)">
              <conditions>
                <condition number="0" type="jump" coverage="50%"/>
              </conditions>
            </line>
            <line number="168" hits="2" branch="true" condition-coverage="16% (2/12)">
              <conditions>
                <condition number="0" type="jump" coverage="16%"/>
              </conditions>
            </line>
            <line number="169" hits="2" branch="true" condition-coverage="16% (2/12)">
              <conditions>
                <condition number="0" type="jump" coverage="16%"/>
              </conditions>
            </line>
            <line number="171" hits="2" branch="true" condition-coverage="50% (1/2)">
              <conditions>
                <condition number="0" type="jump" coverage="50%"/>
              </conditions>
            </line>
            <line number="172" hits="2" branch="true" condition-coverage="16% (2/12)">
              <conditions>
                <condition number="0" type="jump" coverage="16%"/>
              </conditions>
            </line>
            <line number="173" hits="2" branch="true" condition-coverage="16% (2/12)">
              <conditions>
                <condition number="0" type="jump" coverage="16%"/>
              </conditions>
            </line>
            <line number="174" hits="2" branch="false"/>
            <line number="176" hits="8" branch="false"/>
            <line number="177" hits="2" branch="true" condition-coverage="50% (1/2)">
              <conditions>
                <condition number="0" type="jump" coverage="50%"/>
              </conditions>
            </line>
            <line number="178" hits="2" branch="true" condition-coverage="50% (1/2)">
              <conditions>
                <condition number="0" type="jump" coverage="50%"/>
              </conditions>
            </line>
            <line number="179" hits="2" branch="true" condition-coverage="50% (1/2)">
              <conditions>
                <condition number="0" type="jump" coverage="50%"/>
              </conditions>
            </line>
            <line number="181" hits="2" branch="true" condition-coverage="50% (1/2)">
              <conditions>
                <condition number="0" type="jump" coverage="50%"/>
              </conditions>
            </line>
            <line number="182" hits="2" branch="true" condition-coverage="50% (1/2)">
              <conditions>
                <condition number="0" type="jump" coverage="50%"/>
              </conditions>
            </line>
            <line number="184" hits="2" branch="true" condition-coverage="50% (2/4)">
              <conditions>
                <condition number="0" type="jump" coverage="50%"/>
              </conditions>
            </line>
            <line number="185" hits="2" branch="true" condition-coverage="16% (2/12)">
              <conditions>
                <condition number="0" type="jump" coverage="16%"/>
              </conditions>
            </line>
            <line number="186" hits="2" branch="true" condition-coverage="16% (2/12)">
              <conditions>
                <condition number="0" type="jump" coverage="16%"/>
              </conditions>
            </line>
            <line number="188" hits="2" branch="true" condition-coverage="50% (2/4)">
              <conditions>
                <condition number="0" type="jump" coverage="50%"/>
              </conditions>
            </line>
            <line number="189" hits="2" branch="true" condition-coverage="16% (2/12)">
              <conditions>
                <condition number="0" type="jump" coverage="16%"/>
              </conditions>
            </line>
            <line number="190" hits="2" branch="true" condition-coverage="16% (2/12)">
              <conditions>
                <condition number="0" type="jump" coverage="16%"/>
              </conditions>
            </line>
            <line number="192" hits="2" branch="true" condition-coverage="50% (2/4)">
              <conditions>
                <condition number="0" type="jump" coverage="50%"/>
              </conditions>
            </line>
            <line number="193" hits="2" branch="true" condition-coverage="16% (2/12)">
              <conditions>
                <condition number="0" type="jump" coverage="16%"/>
              </conditions>
            </line>
            <line number="194" hits="2" branch="true" condition-coverage="16% (2/12)">
              <conditions>
                <condition number="0" type="jump" coverage="16%"/>
              </conditions>
            </line>
            <line number="196" hits="2" branch="true" condition-coverage="50% (2/4)">
              <conditions>
                <condition number="0" type="jump" coverage="50%"/>
              </conditions>
            </line>
            <line number="197" hits="2" branch="true" condition-coverage="16% (2/12)">
              <conditions>
                <condition number="0" type="jump" coverage="16%"/>
              </conditions>
            </line>
            <line number="198" hits="2" branch="true" condition-coverage="16% (2/12)">
              <conditions>
                <condition number="0" type="jump" coverage="16%"/>
              </conditions>
            </line>
            <line number="199" hits="2" branch="false"/>
            <line number="201" hits="8" branch="false"/>
            <line number="202" hits="2" branch="true" condition-coverage="50% (1/2)">
              <conditions>
                <condition number="0" type="jump" coverage="50%"/>
              </conditions>
            </line>
            <line number="203" hits="2" branch="true" condition-coverage="50% (1/2)">
              <conditions>
                <condition number="0" type="jump" coverage="50%"/>
              </conditions>
            </line>
            <line number="204" hits="2" branch="true" condition-coverage="50% (1/2)">
              <conditions>
                <condition number="0" type="jump" coverage="50%"/>
              </conditions>
            </line>
            <line number="206" hits="2" branch="true" condition-coverage="50% (1/2)">
              <conditions>
                <condition number="0" type="jump" coverage="50%"/>
              </conditions>
            </line>
            <line number="207" hits="2" branch="true" condition-coverage="50% (1/2)">
              <conditions>
                <condition number="0" type="jump" coverage="50%"/>
              </conditions>
            </line>
            <line number="209" hits="2" branch="true" condition-coverage="50% (2/4)">
              <conditions>
                <condition number="0" type="jump" coverage="50%"/>
              </conditions>
            </line>
            <line number="210" hits="2" branch="true" condition-coverage="16% (2/12)">
              <conditions>
                <condition number="0" type="jump" coverage="16%"/>
              </conditions>
            </line>
            <line number="211" hits="2" branch="true" condition-coverage="16% (2/12)">
              <conditions>
                <condition number="0" type="jump" coverage="16%"/>
              </conditions>
            </line>
            <line number="213" hits="2" branch="true" condition-coverage="50% (2/4)">
              <conditions>
                <condition number="0" type="jump" coverage="50%"/>
              </conditions>
            </line>
            <line number="214" hits="2" branch="true" condition-coverage="16% (2/12)">
              <conditions>
                <condition number="0" type="jump" coverage="16%"/>
              </conditions>
            </line>
            <line number="215" hits="2" branch="true" condition-coverage="16% (2/12)">
              <conditions>
                <condition number="0" type="jump" coverage="16%"/>
              </conditions>
            </line>
            <line number="217" hits="2" branch="true" condition-coverage="50% (2/4)">
              <conditions>
                <condition number="0" type="jump" coverage="50%"/>
              </conditions>
            </line>
            <line number="218" hits="2" branch="true" condition-coverage="16% (2/12)">
              <conditions>
                <condition number="0" type="jump" coverage="16%"/>
              </conditions>
            </line>
            <line number="219" hits="2" branch="true" condition-coverage="16% (2/12)">
              <conditions>
                <condition number="0" type="jump" coverage="16%"/>
              </conditions>
            </line>
            <line number="221" hits="2" branch="true" condition-coverage="50% (2/4)">
              <conditions>
                <condition number="0" type="jump" coverage="50%"/>
              </conditions>
            </line>
            <line number="222" hits="2" branch="true" condition-coverage="16% (2/12)">
              <conditions>
                <condition number="0" type="jump" coverage="16%"/>
              </conditions>
            </line>
            <line number="223" hits="2" branch="true" condition-coverage="16% (2/12)">
              <conditions>
                <condition number="0" type="jump" coverage="16%"/>
              </conditions>
            </line>
            <line number="224" hits="2" branch="false"/>
            <line number="226" hits="8" branch="false"/>
            <line number="227" hits="2" branch="true" condition-coverage="50% (1/2)">
              <conditions>
                <condition number="0" type="jump" coverage="50%"/>
              </conditions>
            </line>
            <line number="228" hits="2" branch="true" condition-coverage="50% (1/2)">
              <conditions>
                <condition number="0" type="jump" coverage="50%"/>
              </conditions>
            </line>
            <line number="229" hits="2" branch="true" condition-coverage="50% (1/2)">
              <conditions>
                <condition number="0" type="jump" coverage="50%"/>
              </conditions>
            </line>
            <line number="231" hits="2" branch="true" condition-coverage="50% (1/2)">
              <conditions>
                <condition number="0" type="jump" coverage="50%"/>
              </conditions>
            </line>
            <line number="232" hits="2" branch="true" condition-coverage="50% (1/2)">
              <conditions>
                <condition number="0" type="jump" coverage="50%"/>
              </conditions>
            </line>
            <line number="234" hits="2" branch="true" condition-coverage="50% (2/4)">
              <conditions>
                <condition number="0" type="jump" coverage="50%"/>
              </conditions>
            </line>
            <line number="235" hits="2" branch="true" condition-coverage="16% (2/12)">
              <conditions>
                <condition number="0" type="jump" coverage="16%"/>
              </conditions>
            </line>
            <line number="236" hits="2" branch="true" condition-coverage="16% (2/12)">
              <conditions>
                <condition number="0" type="jump" coverage="16%"/>
              </conditions>
            </line>
            <line number="238" hits="2" branch="true" condition-coverage="50% (2/4)">
              <conditions>
                <condition number="0" type="jump" coverage="50%"/>
              </conditions>
            </line>
            <line number="239" hits="2" branch="true" condition-coverage="16% (2/12)">
              <conditions>
                <condition number="0" type="jump" coverage="16%"/>
              </conditions>
            </line>
            <line number="240" hits="2" branch="true" condition-coverage="16% (2/12)">
              <conditions>
                <condition number="0" type="jump" coverage="16%"/>
              </conditions>
            </line>
            <line number="242" hits="2" branch="true" condition-coverage="50% (2/4)">
              <conditions>
                <condition number="0" type="jump" coverage="50%"/>
              </conditions>
            </line>
            <line number="243" hits="2" branch="true" condition-coverage="16% (2/12)">
              <conditions>
                <condition number="0" type="jump" coverage="16%"/>
              </conditions>
            </line>
            <line number="244" hits="2" branch="true" condition-coverage="16% (2/12)">
              <conditions>
                <condition number="0" type="jump" coverage="16%"/>
              </conditions>
            </line>
            <line number="246" hits="2" branch="true" condition-coverage="50% (2/4)">
              <conditions>
                <condition number="0" type="jump" coverage="50%"/>
              </conditions>
            </line>
            <line number="247" hits="2" branch="true" condition-coverage="16% (2/12)">
              <conditions>
                <condition number="0" type="jump" coverage="16%"/>
              </conditions>
            </line>
            <line number="248" hits="2" branch="true" condition-coverage="16% (2/12)">
              <conditions>
                <condition number="0" type="jump" coverage="16%"/>
              </conditions>
            </line>
            <line number="249" hits="2" branch="false"/>
            <line number="251" hits="8" branch="false"/>
            <line number="252" hits="2" branch="true" condition-coverage="50% (1/2)">
              <conditions>
                <condition number="0" type="jump" coverage="50%"/>
              </conditions>
            </line>
            <line number="253" hits="2" branch="true" condition-coverage="50% (1/2)">
              <conditions>
                <condition number="0" type="jump" coverage="50%"/>
              </conditions>
            </line>
            <line number="254" hits="2" branch="true" condition-coverage="50% (1/2)">
              <conditions>
                <condition number="0" type="jump" coverage="50%"/>
              </conditions>
            </line>
            <line number="256" hits="2" branch="true" condition-coverage="50% (1/2)">
              <conditions>
                <condition number="0" type="jump" coverage="50%"/>
              </conditions>
            </line>
            <line number="257" hits="2" branch="true" condition-coverage="50% (1/2)">
              <conditions>
                <condition number="0" type="jump" coverage="50%"/>
              </conditions>
            </line>
            <line number="259" hits="2" branch="true" condition-coverage="50% (2/4)">
              <conditions>
                <condition number="0" type="jump" coverage="50%"/>
              </conditions>
            </line>
            <line number="260" hits="2" branch="true" condition-coverage="16% (2/12)">
              <conditions>
                <condition number="0" type="jump" coverage="16%"/>
              </conditions>
            </line>
            <line number="261" hits="2" branch="true" condition-coverage="16% (2/12)">
              <conditions>
                <condition number="0" type="jump" coverage="16%"/>
              </conditions>
            </line>
            <line number="263" hits="2" branch="true" condition-coverage="50% (2/4)">
              <conditions>
                <condition number="0" type="jump" coverage="50%"/>
              </conditions>
            </line>
            <line number="264" hits="2" branch="true" condition-coverage="16% (2/12)">
              <conditions>
                <condition number="0" type="jump" coverage="16%"/>
              </conditions>
            </line>
            <line number="265" hits="2" branch="true" condition-coverage="16% (2/12)">
              <conditions>
                <condition number="0" type="jump" coverage="16%"/>
              </conditions>
            </line>
            <line number="267" hits="2" branch="true" condition-coverage="50% (2/4)">
              <conditions>
                <condition number="0" type="jump" coverage="50%"/>
              </conditions>
            </line>
            <line number="268" hits="2" branch="true" condition-coverage="16% (2/12)">
              <conditions>
                <condition number="0" type="jump" coverage="16%"/>
              </conditions>
            </line>
            <line number="269" hits="2" branch="true" condition-coverage="16% (2/12)">
              <conditions>
                <condition number="0" type="jump" coverage="16%"/>
              </conditions>
            </line>
            <line number="271" hits="2" branch="true" condition-coverage="50% (2/4)">
              <conditions>
                <condition number="0" type="jump" coverage="50%"/>
              </conditions>
            </line>
            <line number="272" hits="2" branch="true" condition-coverage="16% (2/12)">
              <conditions>
                <condition number="0" type="jump" coverage="16%"/>
              </conditions>
            </line>
            <line number="273" hits="2" branch="true" condition-coverage="16% (2/12)">
              <conditions>
                <condition number="0" type="jump" coverage="16%"/>
              </conditions>
            </line>
            <line number="274" hits="2" branch="false"/>
            <line number="276" hits="8" branch="false"/>
            <line number="277" hits="2" branch="true" condition-coverage="50% (1/2)">
              <conditions>
                <condition number="0" type="jump" coverage="50%"/>
              </conditions>
            </line>
            <line number="278" hits="2" branch="true" condition-coverage="50% (1/2)">
              <conditions>
                <condition number="0" type="jump" coverage="50%"/>
              </conditions>
            </line>
            <line number="280" hits="2" branch="true" condition-coverage="50% (1/2)">
              <conditions>
                <condition number="0" type="jump" coverage="50%"/>
              </conditions>
            </line>
            <line number="282" hits="2" branch="true" condition-coverage="50% (1/2)">
              <conditions>
                <condition number="0" type="jump" coverage="50%"/>
              </conditions>
            </line>
            <line number="283" hits="2" branch="true" condition-coverage="16% (2/12)">
              <conditions>
                <condition number="0" type="jump" coverage="16%"/>
              </conditions>
            </line>
            <line number="284" hits="2" branch="true" condition-coverage="16% (2/12)">
              <conditions>
                <condition number="0" type="jump" coverage="16%"/>
              </conditions>
            </line>
            <line number="286" hits="2" branch="true" condition-coverage="50% (1/2)">
              <conditions>
                <condition number="0" type="jump" coverage="50%"/>
              </conditions>
            </line>
            <line number="287" hits="2" branch="true" condition-coverage="16% (2/12)">
              <conditions>
                <condition number="0" type="jump" coverage="16%"/>
              </conditions>
            </line>
            <line number="288" hits="2" branch="true" condition-coverage="16% (2/12)">
              <conditions>
                <condition number="0" type="jump" coverage="16%"/>
              </conditions>
            </line>
            <line number="289" hits="2" branch="false"/>
            <line number="292" hits="8" branch="false"/>
            <line number="293" hits="2" branch="true" condition-coverage="50% (1/2)">
              <conditions>
                <condition number="0" type="jump" coverage="50%"/>
              </conditions>
            </line>
            <line number="294" hits="2" branch="true" condition-coverage="50% (1/2)">
              <conditions>
                <condition number="0" type="jump" coverage="50%"/>
              </conditions>
            </line>
            <line number="297" hits="2" branch="true" condition-coverage="16% (2/12)">
              <conditions>
                <condition number="0" type="jump" coverage="16%"/>
              </conditions>
            </line>
            <line number="300" hits="2" branch="true" condition-coverage="50% (1/2)">
              <conditions>
                <condition number="0" type="jump" coverage="50%"/>
              </conditions>
            </line>
            <line number="301" hits="2" branch="true" condition-coverage="16% (2/12)">
              <conditions>
                <condition number="0" type="jump" coverage="16%"/>
              </conditions>
            </line>
            <line number="302" hits="2" branch="false"/>
            <line number="304" hits="8" branch="false"/>
            <line number="305" hits="2" branch="true" condition-coverage="50% (1/2)">
              <conditions>
                <condition number="0" type="jump" coverage="50%"/>
              </conditions>
            </line>
            <line number="306" hits="2" branch="true" condition-coverage="16% (2/12)">
              <conditions>
                <condition number="0" type="jump" coverage="16%"/>
              </conditions>
            </line>
            <line number="307" hits="2" branch="false"/>
            <line number="309" hits="8" branch="false"/>
            <line number="310" hits="2" branch="true" condition-coverage="50% (1/2)">
              <conditions>
                <condition number="0" type="jump" coverage="50%"/>
              </conditions>
            </line>
            <line number="311" hits="2" branch="true" condition-coverage="16% (2/12)">
              <conditions>
                <condition number="0" type="jump" coverage="16%"/>
              </conditions>
            </line>
            <line number="312" hits="2" branch="false"/>
            <line number="315" hits="8" branch="false"/>
            <line number="316" hits="2" branch="true" condition-coverage="50% (1/2)">
              <conditions>
                <condition number="0" type="jump" coverage="50%"/>
              </conditions>
            </line>
            <line number="317" hits="2" branch="true" condition-coverage="50% (1/2)">
              <conditions>
                <condition number="0" type="jump" coverage="50%"/>
              </conditions>
            </line>
            <line number="318" hits="2" branch="true" condition-coverage="50% (1/2)">
              <conditions>
                <condition number="0" type="jump" coverage="50%"/>
              </conditions>
            </line>
            <line number="319" hits="2" branch="true" condition-coverage="50% (1/2)">
              <conditions>
                <condition number="0" type="jump" coverage="50%"/>
              </conditions>
            </line>
            <line number="321" hits="2" branch="true" condition-coverage="50% (1/2)">
              <conditions>
                <condition number="0" type="jump" coverage="50%"/>
              </conditions>
            </line>
            <line number="322" hits="2" branch="true" condition-coverage="50% (1/2)">
              <conditions>
                <condition number="0" type="jump" coverage="50%"/>
              </conditions>
            </line>
            <line number="323" hits="2" branch="true" condition-coverage="50% (1/2)">
              <conditions>
                <condition number="0" type="jump" coverage="50%"/>
              </conditions>
            </line>
            <line number="325" hits="2" branch="true" condition-coverage="50% (1/2)">
              <conditions>
                <condition number="0" type="jump" coverage="50%"/>
              </conditions>
            </line>
            <line number="327" hits="2" branch="true" condition-coverage="25% (3/12)">
              <conditions>
                <condition number="0" type="jump" coverage="25%"/>
              </conditions>
            </line>
            <line number="328" hits="2" branch="true" condition-coverage="25% (3/12)">
              <conditions>
                <condition number="0" type="jump" coverage="25%"/>
              </conditions>
            </line>
            <line number="329" hits="2" branch="true" condition-coverage="25% (3/12)">
              <conditions>
                <condition number="0" type="jump" coverage="25%"/>
              </conditions>
            </line>
            <line number="330" hits="2" branch="false"/>
            <line number="332" hits="8" branch="false"/>
            <line number="333" hits="2" branch="true" condition-coverage="50% (1/2)">
              <conditions>
                <condition number="0" type="jump" coverage="50%"/>
              </conditions>
            </line>
            <line number="334" hits="2" branch="true" condition-coverage="50% (1/2)">
              <conditions>
                <condition number="0" type="jump" coverage="50%"/>
              </conditions>
            </line>
            <line number="335" hits="2" branch="true" condition-coverage="50% (1/2)">
              <conditions>
                <condition number="0" type="jump" coverage="50%"/>
              </conditions>
            </line>
            <line number="337" hits="2" branch="true" condition-coverage="50% (1/2)">
              <conditions>
                <condition number="0" type="jump" coverage="50%"/>
              </conditions>
            </line>
            <line number="338" hits="2" branch="true" condition-coverage="50% (1/2)">
              <conditions>
                <condition number="0" type="jump" coverage="50%"/>
              </conditions>
            </line>
            <line number="340" hits="2" branch="true" condition-coverage="50% (1/2)">
              <conditions>
                <condition number="0" type="jump" coverage="50%"/>
              </conditions>
            </line>
            <line number="341" hits="2" branch="true" condition-coverage="25% (3/12)">
              <conditions>
                <condition number="0" type="jump" coverage="25%"/>
              </conditions>
            </line>
            <line number="342" hits="2" branch="true" condition-coverage="25% (3/12)">
              <conditions>
                <condition number="0" type="jump" coverage="25%"/>
              </conditions>
            </line>
            <line number="345" hits="2" branch="true" condition-coverage="50% (1/2)">
              <conditions>
                <condition number="0" type="jump" coverage="50%"/>
              </conditions>
            </line>
            <line number="346" hits="2" branch="true" condition-coverage="25% (3/12)">
              <conditions>
                <condition number="0" type="jump" coverage="25%"/>
              </conditions>
            </line>
            <line number="347" hits="2" branch="false"/>
          </lines>
        </class>
        <class name="test_simple_cpp" filename="tests/test_simple.cpp" line-rate="1.0" branch-rate="0.25925925925925924" complexity="0.0">
          <methods/>
          <lines>
            <line number="6" hits="3" branch="false"/>
            <line number="7" hits="3" branch="false"/>
            <line number="10" hits="8" branch="false"/>
            <line number="11" hits="2" branch="true" condition-coverage="50% (1/2)">
              <conditions>
                <condition number="0" type="jump" coverage="50%"/>
              </conditions>
            </line>
            <line number="12" hits="2" branch="true" condition-coverage="10% (1/10)">
              <conditions>
                <condition number="0" type="jump" coverage="10%"/>
              </conditions>
            </line>
            <line number="13" hits="2" branch="false"/>
            <line number="15" hits="8" branch="false"/>
            <line number="16" hits="2" branch="true" condition-coverage="50% (1/2)">
              <conditions>
                <condition number="0" type="jump" coverage="50%"/>
              </conditions>
            </line>
            <line number="17" hits="2" branch="true" condition-coverage="25% (3/12)">
              <conditions>
                <condition number="0" type="jump" coverage="25%"/>
              </conditions>
            </line>
            <line number="18" hits="2" branch="false"/>
            <line number="20" hits="8" branch="false"/>
            <line number="21" hits="2" branch="true" condition-coverage="50% (1/2)">
              <conditions>
                <condition number="0" type="jump" coverage="50%"/>
              </conditions>
            </line>
            <line number="22" hits="2" branch="true" condition-coverage="50% (1/2)">
              <conditions>
                <condition number="0" type="jump" coverage="50%"/>
              </conditions>
            </line>
            <line number="24" hits="2" branch="true" condition-coverage="25% (3/12)">
              <conditions>
                <condition number="0" type="jump" coverage="25%"/>
              </conditions>
            </line>
            <line number="25" hits="2" branch="true" condition-coverage="25% (3/12)">
              <conditions>
                <condition number="0" type="jump" coverage="25%"/>
              </conditions>
            </line>
            <line number="26" hits="2" branch="false"/>
          </lines>
        </class>
      </classes>
    </package>
  </packages>
</coverage>
